<?xml version="1.0" encoding="UTF-8"?>
<testsuites name="Login_CICD" time="11.493" tests="1" failures="0" errors="0">
   <testsuite name="Login_CICD" tests="1" failures="0" errors="0" time="11.493" skipped="0" timestamp="15-12-2024T13:06:38" hostname="jagji - Admin" id="Test Suites/Login_CICD">
      <properties>
         <property name="deviceName" value=""/>
         <property name="devicePlatform"/>
         <property name="logFolder" value="C:\\Users\\jagji\\git\\Webshop_CICD\\Reports\\20241215_130614\\Login_CICD\\20241215_130614"/>
         <property name="logFiles" value="C:\\Users\\jagji\\git\\Webshop_CICD\\Reports\\20241215_130614\\Login_CICD\\20241215_130614\\execution0.log"/>
         <property name="attachments" value=""/>
         <property name="hostName" value="jagji - Admin"/>
         <property name="os" value="Windows 11 64bit"/>
         <property name="katalonVersion" value="10.0.0.223"/>
         <property name="browser" value="Chrome 131.0.0.0"/>
         <property name="hostAddress" value="192.168.164.71"/>
         <property name="sessionId" value="8fea582a414fec7c61f172900b498752"/>
         <property name="seleniumVersion" value="4.22.0"/>
         <property name="proxyInformation" value="ProxyInformation { proxyOption=NO_PROXY, proxyServerType=HTTP, username=, password=********, proxyServerAddress=, proxyServerPort=0, executionList=&quot;&quot;, isApplyToDesiredCapabilities=true }"/>
         <property name="platform" value="Windows 11"/>
      </properties>
      <testcase name="Test Cases/TC_001-Login" time="11.236" classname="Test Cases/TC_001-Login" status="PASSED">
         <system-out><![CDATA[15-12-2024T13:06:38 - [TEST_CASE][PASSED] - Test Cases/TC_001-Login: Test Cases/TC_001-Login

15-12-2024T13:06:39 - [TEST_STEP][PASSED] - openBrowser(""): Browser is opened with url: ''

15-12-2024T13:06:39 - [MESSAGE][INFO] - Starting 'Chrome' driver

15-12-2024T13:06:39 - [MESSAGE][INFO] - Action delay is set to 0 milliseconds

15-12-2024T13:06:42 - [MESSAGE][PASSED] - Browser is opened with url: ''

15-12-2024T13:06:42 - [TEST_STEP][PASSED] - navigateToUrl("https://katalon-demo-cura.herokuapp.com/"): Navigate to 'https://katalon-demo-cura.herokuapp.com/' successfully

15-12-2024T13:06:46 - [MESSAGE][PASSED] - Navigate to 'https://katalon-demo-cura.herokuapp.com/' successfully

15-12-2024T13:06:46 - [TEST_STEP][PASSED] - click(findTestObject("Object Repository/Login/Page_CURA Healthcare Service/a_Make Appointment")): Object: 'Object Repository/Login/Page_CURA Healthcare Service/a_Make Appointment' is clicked on

15-12-2024T13:06:47 - [MESSAGE][PASSED] - Object: 'Object Repository/Login/Page_CURA Healthcare Service/a_Make Appointment' is clicked on

15-12-2024T13:06:47 - [TEST_STEP][PASSED] - setText(findTestObject("Object Repository/Login/Page_CURA Healthcare Service/input_Username_username"), "John Doe"): Text 'John Doe' is set on object 'Object Repository/Login/Page_CURA Healthcare Service/input_Username_username'

15-12-2024T13:06:48 - [MESSAGE][PASSED] - Text 'John Doe' is set on object 'Object Repository/Login/Page_CURA Healthcare Service/input_Username_username'

15-12-2024T13:06:48 - [TEST_STEP][PASSED] - setEncryptedText(findTestObject("Object Repository/Login/Page_CURA Healthcare Service/input_Password_password"), "g3/DOGG74jC3Flrr3yH+3D/yKbOqqUNM"): Text ****** has been set on object 'Object Repository/Login/Page_CURA Healthcare Service/input_Password_password'

15-12-2024T13:06:48 - [MESSAGE][PASSED] - Text ****** has been set on object 'Object Repository/Login/Page_CURA Healthcare Service/input_Password_password'

15-12-2024T13:06:48 - [TEST_STEP][PASSED] - click(findTestObject("Object Repository/Login/Page_CURA Healthcare Service/button_Login")): Object: 'Object Repository/Login/Page_CURA Healthcare Service/button_Login' is clicked on

15-12-2024T13:06:49 - [MESSAGE][PASSED] - Object: 'Object Repository/Login/Page_CURA Healthcare Service/button_Login' is clicked on

15-12-2024T13:06:49 - [TEST_STEP][PASSED] - closeBrowser(): Browser is closed

15-12-2024T13:06:50 - [MESSAGE][PASSED] - Browser is closed]]></system-out>
         <system-err><![CDATA[]]></system-err>
      </testcase>
      <system-out><![CDATA[15-12-2024T13:06:38 - [TEST_SUITE][PASSED] - Login_CICD: Test Cases/TC_001-Login]]></system-out>
      <system-err><![CDATA[]]></system-err>
   </testsuite>
</testsuites>
